<?xml version="1.0" encoding="UTF-8"?>
<testng-results ignored="0" total="1" passed="1" failed="0" skipped="0">
  <reporter-output>
  </reporter-output>
  <suite started-at="2021-07-28T22:13:22Z" name="Default suite" finished-at="2021-07-28T22:13:45Z" duration-ms="22454">
    <groups>
    </groups>
    <test started-at="2021-07-28T22:13:22Z" name="Default test" finished-at="2021-07-28T22:13:45Z" duration-ms="22454">
      <class name="com.monkeycap.TestScripts.EditVehicleDetailsTest">
        <test-method is-config="true" signature="openbrowser()[pri:0, instance:com.monkeycap.TestScripts.EditVehicleDetailsTest@6aaceffd]" started-at="2021-07-28T22:13:22Z" name="openbrowser" finished-at="2021-07-28T22:13:33Z" duration-ms="10339" status="PASS">
          <reporter-output>
          </reporter-output>
        </test-method> <!-- openbrowser -->
        <test-method signature="editvehicle()[pri:0, instance:com.monkeycap.TestScripts.EditVehicleDetailsTest@6aaceffd]" started-at="2021-07-28T22:13:33Z" name="editvehicle" finished-at="2021-07-28T22:13:44Z" duration-ms="11127" status="PASS">
          <reporter-output>
          </reporter-output>
        </test-method> <!-- editvehicle -->
        <test-method is-config="true" signature="closebrowser()[pri:0, instance:com.monkeycap.TestScripts.EditVehicleDetailsTest@6aaceffd]" started-at="2021-07-28T22:13:44Z" name="closebrowser" finished-at="2021-07-28T22:13:45Z" duration-ms="947" status="PASS">
          <reporter-output>
          </reporter-output>
        </test-method> <!-- closebrowser -->
      </class> <!-- com.monkeycap.TestScripts.EditVehicleDetailsTest -->
    </test> <!-- Default test -->
  </suite> <!-- Default suite -->
</testng-results>
